2024-07-04 01:26:51 -  - exec CUpdateClientPartner::SearchModulesEx
2024-07-04 01:26:51 -  - exec CUpdateClientPartner::__CollectRequestData
2024-07-04 01:26:51 -  - utf=Y&lang=ru&stable=Y&CANGZIP=Y&SUPD_DBS=MYSQL&XE=N&CLIENT_SITE=localhost&LICENSE_KEY=X&SUPD_STS=1&SUPD_URS=1&TYPENC=D&CLIENT_PHPVER=8.3.8&NGINX=Y&dbv=8.0.38&instm=main%2C23.300.100%2CY%3Bseo%2C23.200.0%2CN%3Bui%2C22.1600.0%2CN%3Bmessageservice%2C23.0.0%2CN%3Bsecurity%2C21.300.0%2CN%3Bb24connector%2C22.0.0%2CN%3Bfileman%2C22.300.0%2CN%3Bclouds%2C23.0.0%2CN%3Bblog%2C22.0.0%2CN%3Bphotogallery%2C22.0.200%2CN%3Biblock%2C23.100.0%2CN%3Bforum%2C23.0.0%2CN%3Bscale%2C21.0.0%2CN%3Bsocialservices%2C22.200.400%2CN%3Brest%2C23.100.0%2CN%3Bperfmon%2C21.0.0%2CN%3Blocation%2C23.0.0%2CN%3Btranslate%2C23.200.0%2CN%3Bform%2C22.0.0%2CN%3Bvote%2C23.0.0%2CN%3Bbitrix.sitecorporate%2C15.5.0%2CN%3Bsearch%2C22.100.0%2CN%3Bmobileapp%2C23.0.0%2CN%3Blanding%2C23.600.150%2CN%3Bhighloadblock%2C22.200.0%2CN%3Bbitrix.siteinfoportal%2C15.5.0%2CN%3Bbitrixcloud%2C22.100.0%2CN%3Bsubscribe%2C21.0.0%2CN%3Bbitrix.sitepersonal%2C15.5.0%2CN&search_module_id=&search_module=&search_category=7%2C14&search_type=&search_order=DESC&search_order_by=SORT&search_page=1&SUPD_SRS=RU&SUPD_CMP=N
2024-07-04 01:26:51 -  - exec CUpdateClientPartner::GetHTTPPage
2024-07-04 01:26:51 -  - TIME SearchModulesEx(request) 0.173 sec
2024-07-04 01:26:51 -  - exec CUpdateClientPartner::ParseServerData
2024-07-04 01:26:51 - GUL02 - [LICENSE_NOT_FOUND] Лицензия не найдена
2024-07-04 01:27:08 -  - exec CUpdateClientPartner::SearchModulesEx
2024-07-04 01:27:08 -  - exec CUpdateClientPartner::__CollectRequestData
2024-07-04 01:27:08 -  - utf=Y&lang=ru&stable=Y&CANGZIP=Y&SUPD_DBS=MYSQL&XE=N&CLIENT_SITE=localhost&LICENSE_KEY=X&SUPD_STS=1&SUPD_URS=1&TYPENC=D&CLIENT_PHPVER=8.3.8&NGINX=Y&dbv=8.0.38&instm=main%2C23.300.100%2CY%3Bseo%2C23.200.0%2CN%3Bui%2C22.1600.0%2CN%3Bmessageservice%2C23.0.0%2CN%3Bsecurity%2C21.300.0%2CN%3Bb24connector%2C22.0.0%2CN%3Bfileman%2C22.300.0%2CN%3Bclouds%2C23.0.0%2CN%3Bblog%2C22.0.0%2CN%3Bphotogallery%2C22.0.200%2CN%3Biblock%2C23.100.0%2CN%3Bforum%2C23.0.0%2CN%3Bscale%2C21.0.0%2CN%3Bsocialservices%2C22.200.400%2CN%3Brest%2C23.100.0%2CN%3Bperfmon%2C21.0.0%2CN%3Blocation%2C23.0.0%2CN%3Btranslate%2C23.200.0%2CN%3Bform%2C22.0.0%2CN%3Bvote%2C23.0.0%2CN%3Bbitrix.sitecorporate%2C15.5.0%2CN%3Bsearch%2C22.100.0%2CN%3Bmobileapp%2C23.0.0%2CN%3Blanding%2C23.600.150%2CN%3Bhighloadblock%2C22.200.0%2CN%3Bbitrix.siteinfoportal%2C15.5.0%2CN%3Bbitrixcloud%2C22.100.0%2CN%3Bsubscribe%2C21.0.0%2CN%3Bbitrix.sitepersonal%2C15.5.0%2CN&search_module_id=&search_module=&search_category=7%2C14&search_type=&search_order=DESC&search_order_by=SORT&search_page=1&SUPD_SRS=RU&SUPD_CMP=N
2024-07-04 01:27:08 -  - exec CUpdateClientPartner::GetHTTPPage
2024-07-04 01:27:08 -  - TIME SearchModulesEx(request) 0.075 sec
2024-07-04 01:27:08 -  - exec CUpdateClientPartner::ParseServerData
2024-07-04 01:27:08 - GUL02 - [LICENSE_NOT_FOUND] Лицензия не найдена
2024-07-04 01:27:13 -  - exec CUpdateClientPartner::SearchModulesEx
2024-07-04 01:27:13 -  - exec CUpdateClientPartner::__CollectRequestData
2024-07-04 01:27:13 -  - utf=Y&lang=ru&stable=Y&CANGZIP=Y&SUPD_DBS=MYSQL&XE=N&CLIENT_SITE=localhost&LICENSE_KEY=X&SUPD_STS=1&SUPD_URS=1&TYPENC=D&CLIENT_PHPVER=8.3.8&NGINX=Y&dbv=8.0.38&instm=main%2C23.300.100%2CY%3Bseo%2C23.200.0%2CN%3Bui%2C22.1600.0%2CN%3Bmessageservice%2C23.0.0%2CN%3Bsecurity%2C21.300.0%2CN%3Bb24connector%2C22.0.0%2CN%3Bfileman%2C22.300.0%2CN%3Bclouds%2C23.0.0%2CN%3Bblog%2C22.0.0%2CN%3Bphotogallery%2C22.0.200%2CN%3Biblock%2C23.100.0%2CN%3Bforum%2C23.0.0%2CN%3Bscale%2C21.0.0%2CN%3Bsocialservices%2C22.200.400%2CN%3Brest%2C23.100.0%2CN%3Bperfmon%2C21.0.0%2CN%3Blocation%2C23.0.0%2CN%3Btranslate%2C23.200.0%2CN%3Bform%2C22.0.0%2CN%3Bvote%2C23.0.0%2CN%3Bbitrix.sitecorporate%2C15.5.0%2CN%3Bsearch%2C22.100.0%2CN%3Bmobileapp%2C23.0.0%2CN%3Blanding%2C23.600.150%2CN%3Bhighloadblock%2C22.200.0%2CN%3Bbitrix.siteinfoportal%2C15.5.0%2CN%3Bbitrixcloud%2C22.100.0%2CN%3Bsubscribe%2C21.0.0%2CN%3Bbitrix.sitepersonal%2C15.5.0%2CN&search_module_id=&search_module=&search_category=7%2C14&search_type=&search_order=DESC&search_order_by=SORT&search_page=1&SUPD_SRS=RU&SUPD_CMP=N
2024-07-04 01:27:13 -  - exec CUpdateClientPartner::GetHTTPPage
2024-07-04 01:27:13 -  - TIME SearchModulesEx(request) 0.072 sec
2024-07-04 01:27:13 -  - exec CUpdateClientPartner::ParseServerData
2024-07-04 01:27:13 - GUL02 - [LICENSE_NOT_FOUND] Лицензия не найдена
2024-07-04 01:39:40 -  - exec CUpdateClientPartner::SearchModulesEx
2024-07-04 01:39:40 -  - exec CUpdateClientPartner::__CollectRequestData
2024-07-04 01:39:40 -  - utf=Y&lang=ru&stable=Y&CANGZIP=Y&SUPD_DBS=MYSQL&XE=N&CLIENT_SITE=localhost&LICENSE_KEY=X&SUPD_STS=1&SUPD_URS=1&TYPENC=D&CLIENT_PHPVER=8.3.8&NGINX=Y&dbv=8.0.38&instm=main%2C23.300.100%2CY%3Bseo%2C23.200.0%2CN%3Bui%2C22.1600.0%2CN%3Bmessageservice%2C23.0.0%2CN%3Bsecurity%2C21.300.0%2CN%3Bb24connector%2C22.0.0%2CN%3Bfileman%2C22.300.0%2CN%3Bclouds%2C23.0.0%2CN%3Bblog%2C22.0.0%2CN%3Bphotogallery%2C22.0.200%2CN%3Biblock%2C23.100.0%2CN%3Bforum%2C23.0.0%2CN%3Bscale%2C21.0.0%2CN%3Bsocialservices%2C22.200.400%2CN%3Brest%2C23.100.0%2CN%3Bperfmon%2C21.0.0%2CN%3Blocation%2C23.0.0%2CN%3Btranslate%2C23.200.0%2CN%3Bform%2C22.0.0%2CN%3Bvote%2C23.0.0%2CN%3Bbitrix.sitecorporate%2C15.5.0%2CN%3Bsearch%2C22.100.0%2CN%3Bmobileapp%2C23.0.0%2CN%3Blanding%2C23.600.150%2CN%3Bhighloadblock%2C22.200.0%2CN%3Bbitrix.siteinfoportal%2C15.5.0%2CN%3Bbitrixcloud%2C22.100.0%2CN%3Bsubscribe%2C21.0.0%2CN%3Bbitrix.sitepersonal%2C15.5.0%2CN&search_module_id=&search_module=&search_category=7%2C14&search_type=&search_order=DESC&search_order_by=SORT&search_page=1&SUPD_SRS=RU&SUPD_CMP=N
2024-07-04 01:39:40 -  - exec CUpdateClientPartner::GetHTTPPage
2024-07-04 01:39:42 -  - TIME SearchModulesEx(request) 1.595 sec
2024-07-04 01:39:42 -  - exec CUpdateClientPartner::ParseServerData
2024-07-04 01:39:42 - GUL02 - [LICENSE_NOT_FOUND] Лицензия не найдена
